00:00 20.000
00:01 21.000
00:02 20.000
00:03 21.000
00:04 21.000
00:05 21.000
00:06 22.000
00:07 22.000
00:08 20.000
00:09 23.000
00:10 19.000
00:11 20.000
00:12 21.000
00:13 21.000
00:14 22.000
00:15 20.000
00:16 20.000
00:17 20.000
00:18 23.000
00:19 21.000
00:20 21.000
00:21 20.000
00:22 20.000
00:23 18.000
00:24 24.000
00:25 24.000
00:26 20.000
00:27 20.000
00:28 21.000
00:29 20.000
00:30 22.000
00:31 23.000
00:32 21.000
00:33 21.000
00:34 21.000
00:35 21.000
00:36 21.000
00:37 21.000
00:38 22.000
00:39 21.000
00:40 28.000
00:41 24.000
00:42 22.000
00:43 21.000
00:44 21.000
00:45 24.000
00:46 19.000
00:47 20.000
00:48 20.000
00:49 20.000
00:50 20.000
00:51 20.000
00:52 20.000
00:53 20.000
00:54 19.000
00:55 21.000
00:56 20.000
00:57 22.000
00:58 22.000
00:59 22.000
01:00 24.000
01:01 23.000
01:02 25.000
01:03 22.000
01:04 25.000
01:05 20.000
01:06 20.000
01:07 21.000
01:08 23.000
01:09 21.000
01:10 21.000
01:11 22.000
01:12 24.000
01:13 22.000
01:14 21.000
01:15 21.000
01:16 22.000
01:17 21.000
01:18 20.000
01:19 21.000
01:20 20.000
01:21 23.000
01:22 29.000
01:23 23.000
01:24 22.000
01:25 22.000
01:26 22.000
01:27 25.000
01:28 20.000
01:29 32.000
01:30 22.000
01:31 27.000
01:32 20.000
01:33 21.000
01:34 21.000
01:35 20.000
01:36 22.000
01:37 20.000
01:38 20.000
01:39 20.000
01:40 20.000
01:41 20.000
01:42 20.000
01:43 20.000
01:44 21.000
01:45 19.000
01:46 21.000
01:47 20.000
01:48 20.000
01:49 18.000
01:50 20.000
01:51 19.000
01:52 19.000
01:53 21.000
01:54 21.000
01:55 21.000
01:56 19.000
01:57 23.000
01:58 21.000
01:59 20.000
02:00 20.000
02:01 21.000
02:02 22.000
02:03 21.000
02:04 21.000
02:05 20.000
02:06 21.000
02:07 22.000
02:08 20.000
02:09 21.000
02:10 22.000
02:11 23.000
02:12 23.000
02:13 32.000
02:14 21.000
02:15 20.000
02:16 20.000
02:17 23.000
02:18 21.000
02:19 25.000
02:20 22.000
02:21 21.000
02:22 23.000
02:23 23.000
02:24 24.000
02:25 22.000
02:26 22.000
02:27 21.000
02:28 21.000
02:29 21.000
02:30 21.000
02:31 20.000
02:32 29.000
02:33 22.000
02:34 20.000
02:35 18.000
02:36 19.000
02:37 20.000
02:38 21.000
02:39 20.000
02:40 23.000
02:41 20.000
02:42 21.000
02:43 21.000
02:44 21.000
02:45 24.000
02:46 21.000
02:47 21.000
02:48 21.000
02:49 21.000
02:50 20.000
02:51 20.000
02:52 20.000
02:53 19.000
02:54 20.000
02:55 23.000
02:56 19.000
02:57 20.000
02:58 20.000
02:59 19.000
03:00 21.000
03:01 20.000
03:02 21.000
03:03 22.000
03:04 22.000
03:05 21.000
03:06 21.000
03:07 19.000
03:08 20.000
03:09 20.000
03:10 20.000
03:11 19.000
03:12 21.000
03:13 20.000
03:14 22.000
03:15 24.000
03:16 23.000
03:17 27.000
03:18 22.000
03:19 20.000
03:20 21.000
03:21 20.000
03:22 21.000
03:23 21.000
03:24 22.000
03:25 22.000
03:26 20.000
03:27 20.000
03:28 22.000
03:29 25.000
03:30 25.000
03:31 23.000
03:32 21.000
03:33 20.000
03:34 23.000
03:35 24.000
03:36 21.000
03:37 21.000
03:38 22.000
03:39 21.000
03:40 22.000
03:41 23.000
03:42 21.000
03:43 21.000
03:44 22.000
03:45 20.000
03:46 21.000
03:47 23.000
03:48 21.000
03:49 20.000
03:50 22.000
03:51 23.000
03:52 18.000
03:53 23.000
03:54 22.000
03:55 20.000
03:56 21.000
03:57 19.000
03:58 21.000
03:59 21.000
04:00 21.000
04:01 22.000
04:02 20.000
04:03 20.000
04:04 26.000
04:05 19.000
04:06 18.000
04:07 20.000
04:08 21.000
04:09 22.000
04:10 19.000
04:11 20.000
04:12 20.000
04:13 20.000
04:14 20.000
04:15 20.000
04:16 19.000
04:17 21.000
04:18 19.000
04:19 20.000
04:20 22.000
04:21 21.000
04:22 20.000
04:23 19.000
04:24 20.000
04:25 19.000
04:26 19.000
04:27 19.000
04:28 18.000
04:29 18.000
04:30 18.000
04:31 19.000
04:32 19.000
04:33 21.000
04:34 20.000
04:35 18.000
04:36 18.000
04:37 20.000
04:38 18.000
04:39 18.000
04:40 17.000
04:41 18.000
04:42 18.000
04:43 18.000
04:44 18.000
04:45 19.000
04:46 18.000
04:47 19.000
04:48 19.000
04:49 20.000
04:50 18.000
04:51 19.000
04:52 18.000
04:53 18.000
04:54 18.000
04:55 19.000
04:56 18.000
04:57 18.000
04:58 18.000
04:59 18.000
05:00 19.000
05:01 19.000
05:02 18.000
05:03 17.000
05:04 18.000
05:05 17.000
05:06 18.000
05:07 18.000
05:08 17.000
05:09 18.000
05:10 17.000
05:11 28.000
05:12 20.000
05:13 18.000
05:14 18.000
05:15 18.000
05:16 18.000
05:17 18.000
05:18 19.000
05:19 20.000
05:20 18.000
05:21 19.000
05:22 18.000
05:23 18.000
05:24 17.000
05:25 18.000
05:26 17.000
05:27 17.000
05:28 20.000
05:29 19.000
05:30 17.000
05:31 28.000
05:32 18.000
05:33 18.000
05:34 18.000
05:35 18.000
05:36 18.000
05:37 18.000
05:38 18.000
05:39 17.000
05:40 17.000
05:41 17.000
05:42 17.000
05:43 19.000
05:44 17.000
05:45 18.000
05:46 17.000
05:47 30.000
05:48 18.000
05:49 20.000
05:50 18.000
05:51 18.000
05:52 18.000
05:53 19.000
05:54 20.000
05:55 19.000
05:56 18.000
05:57 18.000
05:58 18.000
05:59 19.000
06:00 19.000
06:01 20.000
06:02 19.000
06:03 18.000
06:04 18.000
06:05 18.000
06:06 17.000
06:07 18.000
06:08 19.000
06:09 19.000
06:10 18.000
06:11 18.000
06:12 19.000
06:13 18.000
06:14 18.000
06:15 19.000
06:16 18.000
06:17 18.000
06:18 19.000
06:19 18.000
06:20 19.000
06:21 19.000
06:22 18.000
06:23 18.000
06:24 18.000
06:25 17.000
06:26 16.000
06:27 20.000
06:28 18.000
06:29 18.000
06:30 17.000
06:31 17.000
06:32 18.000
06:33 17.000
06:34 17.000
06:35 16.000
06:36 18.000
06:37 19.000
06:38 19.000
06:39 19.000
06:40 18.000
06:41 20.000
06:42 17.000
06:43 17.000
06:44 20.000
06:45 18.000
06:46 17.000
06:47 17.000
06:48 18.000
06:49 18.000
06:50 17.000
06:51 17.000
06:52 18.000
06:53 18.000
06:54 17.000
06:55 17.000
06:56 18.000
06:57 17.000
06:58 19.000
06:59 17.000
07:00 16.000
07:01 17.000
07:02 17.000
07:03 16.000
07:04 17.000
07:05 18.000
07:06 22.000
07:07 21.000
07:08 19.000
07:09 18.000
07:10 21.000
07:11 18.000
07:12 19.000
07:13 18.000
07:14 18.000
07:15 16.000
07:16 17.000
07:17 18.000
07:18 19.000
07:19 17.000
07:20 17.000
07:21 16.000
07:22 17.000
07:23 19.000
07:24 18.000
07:25 17.000
07:26 18.000
07:27 18.000
07:28 18.000
07:29 19.000
07:30 19.000
07:31 17.000
07:32 19.000
07:33 18.000
07:34 20.000
07:35 21.000
07:36 18.000
07:37 18.000
07:38 19.000
07:39 17.000
07:40 17.000
07:41 17.000
07:42 16.000
07:43 20.000
07:44 19.000
07:45 19.000
07:46 19.000
07:47 19.000
07:48 17.000
07:49 19.000
07:50 17.000
07:51 16.000
07:52 17.000
07:53 16.000
07:54 19.000
07:55 18.000
07:56 18.000
07:57 18.000
07:58 17.000
07:59 19.000
08:00 21.000
08:01 18.000
08:02 18.000
08:03 17.000
08:04 17.000
08:05 19.000
08:06 18.000
08:07 19.000
08:08 17.000
08:09 19.000
08:10 18.000
08:11 22.000
08:12 20.000
08:13 19.000
08:14 19.000
08:15 17.000
08:16 18.000
08:17 19.000
08:18 19.000
08:19 17.000
08:20 18.000
08:21 18.000
08:22 19.000
08:23 18.000
08:24 18.000
08:25 18.000
08:26 19.000
08:27 18.000
08:28 19.000
08:29 18.000
08:30 18.000
08:31 19.000
08:32 20.000
08:33 18.000
08:34 19.000
08:35 19.000
08:36 20.000
08:37 20.000
08:38 22.000
08:39 21.000
08:40 18.000
08:41 18.000
08:42 19.000
08:43 18.000
08:44 19.000
08:45 17.000
08:46 18.000
08:47 19.000
08:48 18.000
08:49 17.000
08:50 17.000
08:51 16.000
08:52 19.000
08:53 18.000
08:54 18.000
08:55 18.000
08:56 19.000
08:57 18.000
08:58 18.000
08:59 19.000
09:00 18.000
09:01 17.000
09:02 17.000
09:03 18.000
09:04 17.000
09:05 20.000
09:06 18.000
09:07 18.000
09:08 19.000
09:09 18.000
09:10 17.000
09:11 18.000
09:12 18.000
09:13 18.000
09:14 17.000
09:15 18.000
09:16 18.000
09:17 18.000
09:18 17.000
09:19 18.000
09:20 19.000
09:21 18.000
09:22 20.000
09:23 19.000
09:24 19.000
09:25 19.000
09:26 19.000
09:27 19.000
09:28 19.000
09:29 18.000
09:30 18.000
09:31 18.000
09:32 19.000
09:33 18.000
09:34 21.000
09:35 20.000
09:36 19.000
09:37 19.000
09:38 20.000
09:39 20.000
09:40 19.000
09:41 18.000
09:42 18.000
09:43 19.000
09:44 18.000
09:45 17.000
09:46 18.000
09:47 21.000
09:48 19.000
09:49 18.000
09:50 19.000
09:51 20.000
09:52 19.000
09:53 20.000
09:54 20.000
09:55 19.000
09:56 19.000
09:57 18.000
09:58 19.000
09:59 18.000
10:00 18.000
10:01 18.000
10:02 18.000
10:03 20.000
10:04 26.000
10:05 20.000
10:06 19.000
10:07 22.000
10:08 20.000
10:09 19.000
10:10 23.000
10:11 21.000
10:12 20.000
10:13 22.000
10:14 25.000
10:15 22.000
10:16 24.000
10:17 20.000
10:18 20.000
10:19 21.000
10:20 23.000
10:21 21.000
10:22 20.000
10:23 20.000
10:24 22.000
10:25 20.000
10:26 20.000
10:27 21.000
10:28 19.000
10:29 19.000
10:30 19.000
10:31 21.000
10:32 19.000
10:33 19.000
10:34 19.000
10:35 20.000
10:36 19.000
10:37 19.000
10:38 20.000
10:39 20.000
10:40 21.000
10:41 21.000
10:42 20.000
10:43 20.000
10:44 19.000
10:45 19.000
10:46 21.000
10:47 20.000
10:48 25.000
10:49 22.000
10:50 20.000
10:51 21.000
10:52 21.000
10:53 20.000
10:54 21.000
10:55 22.000
10:56 25.000
10:57 21.000
10:58 22.000
10:59 23.000
11:00 22.000
11:01 22.000
11:02 21.000
11:03 25.000
11:04 24.000
11:05 24.000
11:06 22.000
11:07 23.000
11:08 23.000
11:09 25.000
11:10 23.000
11:11 23.000
11:12 22.000
11:13 26.000
11:14 26.000
11:15 26.000
11:16 24.000
11:17 22.000
11:18 23.000
11:19 22.000
11:20 21.000
11:21 22.000
11:22 22.000
11:23 21.000
11:24 22.000
11:25 22.000
11:26 21.000
11:27 20.000
11:28 21.000
11:29 23.000
11:30 21.000
11:31 20.000
11:32 26.000
11:33 26.000
11:34 22.000
11:35 27.000
11:36 19.000
11:37 21.000
11:38 21.000
11:39 21.000
11:40 21.000
11:41 19.000
11:42 21.000
11:43 23.000
11:44 22.000
11:45 20.000
11:46 19.000
11:47 20.000
11:48 21.000
11:49 22.000
11:50 20.000
11:51 21.000
11:52 20.000
11:53 20.000
11:54 22.000
11:55 21.000
11:56 19.000
11:57 19.000
11:58 20.000
11:59 21.000
12:00 20.000
12:01 21.000
12:02 23.000
12:03 19.000
12:04 22.000
12:05 24.000
12:06 21.000
12:07 21.000
12:08 20.000
12:09 20.000
12:10 20.000
12:11 21.000
12:12 20.000
12:13 21.000
12:14 20.000
12:15 22.000
12:16 20.000
12:17 21.000
12:18 22.000
12:19 20.000
12:20 21.000
12:21 20.000
12:22 22.000
12:23 20.000
12:24 22.000
12:25 20.000
12:26 20.000
12:27 21.000
12:28 21.000
12:29 19.000
12:30 22.000
12:31 20.000
12:32 20.000
12:33 20.000
12:34 20.000
12:35 20.000
12:36 21.000
12:37 20.000
12:38 20.000
12:39 21.000
12:40 21.000
12:41 21.000
12:42 20.000
12:43 21.000
12:44 21.000
12:45 21.000
12:46 21.000
12:47 21.000
12:48 21.000
12:49 21.000
12:50 21.000
12:51 22.000
12:52 21.000
12:53 22.000
12:54 20.000
12:55 22.000
12:56 22.000
12:57 20.000
12:58 28.000
12:59 21.000
13:00 22.000
13:01 21.000
13:02 21.000
13:03 22.000
13:04 21.000
13:05 22.000
13:06 23.000
13:07 23.000
13:08 21.000
13:09 21.000
13:10 21.000
13:11 22.000
13:12 21.000
13:13 21.000
13:14 21.000
13:15 22.000
13:16 21.000
13:17 23.000
13:18 22.000
13:19 21.000
13:20 24.000
13:21 22.000
13:22 22.000
13:23 22.000
13:24 23.000
13:25 23.000
13:26 22.000
13:27 23.000
13:28 22.000
13:29 21.000
13:30 22.000
13:31 21.000
13:32 21.000
13:33 21.000
13:34 21.000
13:35 21.000
13:36 21.000
13:37 21.000
13:38 21.000
13:39 22.000
13:40 22.000
13:41 21.000
13:42 22.000
13:43 20.000
13:44 21.000
13:45 22.000
13:46 22.000
13:47 21.000
13:48 22.000
13:49 21.000
13:50 21.000
13:51 22.000
13:52 21.000
13:53 21.000
13:54 22.000
13:55 24.000
13:56 23.000
13:57 22.000
13:58 22.000
13:59 21.000
14:00 22.000
14:01 21.000
14:02 22.000
14:03 23.000
14:04 21.000
14:05 23.000
14:06 23.000
14:07 23.000
14:08 23.000
14:09 21.000
14:10 21.000
14:11 24.000
14:12 23.000
14:13 25.000
14:14 23.000
14:15 22.000
14:16 24.000
14:17 22.000
14:18 22.000
14:19 22.000
14:20 22.000
14:21 21.000
14:22 21.000
14:23 23.000
14:24 24.000
14:25 27.000
14:26 25.000
14:27 23.000
14:28 22.000
14:29 25.000
14:30 22.000
14:31 22.000
14:32 21.000
14:33 21.000
14:34 25.000
14:35 26.000
14:36 22.000
14:37 23.000
14:38 28.000
14:39 22.000
14:40 21.000
14:41 23.000
14:42 23.000
14:43 22.000
14:44 21.000
14:45 22.000
14:46 21.000
14:47 24.000
14:48 22.000
14:49 22.000
14:50 24.000
14:51 23.000
14:52 24.000
14:53 24.000
14:54 23.000
14:55 23.000
14:56 24.000
14:57 24.000
14:58 20.000
14:59 21.000
15:00 24.000
15:01 23.000
15:02 24.000
15:03 22.000
15:04 24.000
15:05 22.000
15:06 24.000
15:07 23.000
15:08 22.000
15:09 24.000
15:10 23.000
15:11 21.000
15:12 23.000
15:13 23.000
15:14 23.000
15:15 23.000
15:16 22.000
15:17 21.000
15:18 28.000
15:19 27.000
15:20 25.000
15:21 22.000
15:22 30.000
15:23 22.000
15:24 23.000
15:25 22.000
15:26 24.000
15:27 22.000
15:28 23.000
15:29 22.000
15:30 24.000
15:31 22.000
15:32 23.000
15:33 24.000
15:34 22.000
15:35 23.000
15:36 23.000
15:37 21.000
15:38 23.000
15:39 23.000
15:40 23.000
15:41 23.000
15:42 22.000
15:43 23.000
15:44 23.000
15:45 24.000
15:46 21.000
15:47 22.000
15:48 23.000
15:49 24.000
15:50 22.000
15:51 27.000
15:52 27.000
15:53 22.000
15:54 24.000
15:55 22.000
15:56 22.000
15:57 25.000
15:58 22.000
15:59 22.000
16:00 22.000
16:01 27.000
16:02 25.000
16:03 23.000
16:04 22.000
16:05 28.000
16:06 25.000
16:07 24.000
16:08 22.000
16:09 24.000
16:10 24.000
16:11 26.000
16:12 24.000
16:13 30.000
16:14 27.000
16:15 27.000
16:16 25.000
16:17 26.000
16:18 23.000
16:19 23.000
16:20 22.000
16:21 23.000
16:22 23.000
16:23 22.000
16:24 22.000
16:25 23.000
16:26 25.000
16:27 24.000
16:28 23.000
16:29 23.000
16:30 22.000
16:31 25.000
16:32 22.000
16:33 22.000
16:34 23.000
16:35 21.000
16:36 36.000
16:37 21.000
16:38 22.000
16:39 22.000
16:40 21.000
16:41 22.000
16:42 22.000
16:43 22.000
16:44 25.000
16:45 22.000
16:46 22.000
16:47 22.000
16:48 23.000
16:49 21.000
16:50 21.000
16:51 23.000
16:52 23.000
16:53 22.000
16:54 23.000
16:55 22.000
16:56 22.000
16:57 24.000
16:58 21.000
16:59 22.000
17:00 22.000
17:01 22.000
17:02 22.000
17:03 23.000
17:04 23.000
17:05 24.000
17:06 22.000
17:07 24.000
17:08 23.000
17:09 27.000
17:10 22.000
17:11 24.000
17:12 23.000
17:13 26.000
17:14 24.000
17:15 24.000
17:16 23.000
17:17 23.000
17:18 24.000
17:19 22.000
17:20 24.000
17:21 23.000
17:22 23.000
17:23 25.000
17:24 23.000
17:25 23.000
17:26 24.000
17:27 23.000
17:28 24.000
17:29 27.000
17:30 23.000
17:31 22.000
17:32 24.000
17:33 26.000
17:34 25.000
17:35 23.000
17:36 28.000
17:37 27.000
17:38 26.000
17:39 25.000
17:40 23.000
17:41 23.000
17:42 22.000
17:43 24.000
17:44 22.000
17:45 23.000
17:46 24.000
17:47 24.000
17:48 23.000
17:49 22.000
17:50 22.000
17:51 24.000
17:52 24.000
17:53 22.000
17:54 23.000
17:55 24.000
17:56 22.000
17:57 22.000
17:58 23.000
17:59 22.000
18:00 24.000
18:01 25.000
18:02 23.000
18:03 23.000
18:04 25.000
18:05 22.000
18:06 23.000
18:07 23.000
18:08 22.000
18:09 22.000
18:10 24.000
18:11 22.000
18:12 23.000
18:13 22.000
18:14 23.000
18:15 23.000
18:16 21.000
18:17 21.000
18:18 22.000
18:19 23.000
18:20 25.000
18:21 22.000
18:22 22.000
18:23 23.000
18:24 21.000
18:25 23.000
18:26 23.000
18:27 23.000
18:28 23.000
18:29 23.000
18:30 22.000
18:31 21.000
18:32 21.000
18:33 22.000
18:34 23.000
18:35 24.000
18:36 23.000
18:37 21.000
18:38 23.000
18:39 21.000
18:40 22.000
18:41 23.000
18:42 21.000
18:43 22.000
18:44 21.000
18:45 21.000
18:46 21.000
18:47 22.000
18:48 22.000
18:49 21.000
18:50 21.000
18:51 22.000
18:52 22.000
18:53 24.000
18:54 22.000
18:55 23.000
18:56 21.000
18:57 21.000
18:58 20.000
18:59 22.000
19:00 22.000
19:01 21.000
19:02 27.000
19:03 22.000
19:04 23.000
19:05 22.000
19:06 22.000
19:07 23.000
19:08 27.000
19:09 23.000
19:10 22.000
19:11 25.000
19:12 23.000
19:13 21.000
19:14 21.000
19:15 21.000
19:16 23.000
19:17 21.000
19:18 21.000
19:19 20.000
19:20 22.000
19:21 24.000
19:22 22.000
19:23 23.000
19:24 24.000
19:25 22.000
19:26 23.000
19:27 23.000
19:28 27.000
19:29 22.000
19:30 22.000
19:31 22.000
19:32 22.000
19:33 22.000
19:34 21.000
19:35 22.000
19:36 23.000
19:37 24.000
19:38 23.000
19:39 22.000
19:40 23.000
19:41 22.000
19:42 23.000
19:43 24.000
19:44 24.000
19:45 22.000
19:46 21.000
19:47 23.000
19:48 24.000
19:49 24.000
19:50 23.000
19:51 34.000
19:52 23.000
19:53 23.000
19:54 26.000
19:55 26.000
19:56 24.000
19:57 24.000
19:58 23.000
19:59 24.000
20:00 24.000
20:01 23.000
20:02 23.000
20:03 23.000
20:04 37.000
20:05 26.000
20:06 30.000
20:07 23.000
20:08 25.000
20:09 24.000
20:10 23.000
20:11 25.000
20:12 25.000
20:13 25.000
20:14 23.000
20:15 24.000
20:16 26.000
20:17 23.000
20:18 22.000
20:19 23.000
20:20 25.000
20:21 23.000
20:22 28.000
20:23 27.000
20:24 25.000
20:25 24.000
20:26 25.000
20:27 23.000
20:28 23.000
20:29 24.000
20:30 25.000
20:31 26.000
20:32 26.000
20:33 24.000
20:34 25.000
20:35 31.000
20:36 23.000
20:37 23.000
20:38 28.000
20:39 22.000
20:40 21.000
20:41 23.000
20:42 21.000
20:43 20.000
20:44 21.000
20:45 20.000
20:46 20.000
20:47 20.000
20:48 21.000
20:49 30.000
20:50 22.000
20:51 22.000
20:52 22.000
20:53 21.000
20:54 24.000
20:55 23.000
20:56 24.000
20:57 24.000
20:58 25.000
20:59 26.000
21:00 22.000
21:01 22.000
21:02 22.000
21:03 23.000
21:04 23.000
21:05 25.000
21:06 22.000
21:07 23.000
21:08 27.000
21:09 26.000
21:10 26.000
21:11 24.000
21:12 27.000
21:13 25.000
21:14 24.000
21:15 25.000
21:16 25.000
21:17 29.000
21:18 33.000
21:19 29.000
21:20 28.000
21:21 23.000
21:22 24.000
21:23 23.000
21:24 23.000
21:25 26.000
21:26 27.000
21:27 26.000
21:28 22.000
21:29 23.000
21:30 25.000
21:31 23.000
21:32 25.000
21:33 23.000
21:34 26.000
21:35 22.000
21:36 22.000
21:37 25.000
21:38 22.000
21:39 30.000
21:40 26.000
21:41 23.000
21:42 23.000
21:43 23.000
21:44 22.000
21:45 23.000
21:46 21.000
21:47 22.000
21:48 23.000
21:49 27.000
21:50 23.000
21:51 23.000
21:52 24.000
21:53 29.000
21:54 23.000
21:55 22.000
21:56 24.000
21:57 24.000
21:58 30.000
21:59 28.000
22:00 28.000
22:01 27.000
22:02 23.000
22:03 23.000
22:04 22.000
22:05 24.000
22:06 23.000
22:07 23.000
22:08 24.000
22:09 23.000
22:10 23.000
22:11 21.000
22:12 22.000
22:13 25.000
22:14 22.000
22:15 22.000
22:16 23.000
22:17 26.000
22:18 24.000
22:19 24.000
22:20 22.000
22:21 24.000
22:22 23.000
22:23 23.000
22:24 22.000
22:25 23.000
22:26 23.000
22:27 22.000
22:28 23.000
22:29 23.000
22:30 25.000
22:31 21.000
22:32 25.000
22:33 23.000
22:34 24.000
22:35 24.000
22:36 24.000
22:37 25.000
22:38 24.000
22:39 25.000
22:40 30.000
22:41 23.000
22:42 24.000
22:43 25.000
22:44 22.000
22:45 23.000
22:46 22.000
22:47 24.000
22:48 28.000
22:49 23.000
22:50 23.000
22:51 24.000
22:52 22.000
22:53 22.000
22:54 22.000
22:55 22.000
22:56 21.000
22:57 21.000
22:58 21.000
22:59 23.000
23:00 27.000
23:01 23.000
23:02 23.000
23:03 24.000
23:04 23.000
23:05 23.000
23:06 22.000
23:07 23.000
23:08 23.000
23:09 21.000
23:10 20.000
23:11 22.000
23:12 21.000
23:13 22.000
23:14 23.000
23:15 23.000
23:16 21.000
23:17 22.000
23:18 21.000
23:19 23.000
23:20 28.000
23:21 23.000
23:22 21.000
23:23 22.000
23:24 21.000
23:25 23.000
23:26 21.000
23:27 27.000
23:28 24.000
23:29 27.000
23:30 27.000
23:31 28.000
23:32 23.000
23:33 24.000
23:34 25.000
23:35 23.000
23:36 24.000
23:37 32.000
23:38 28.000
23:39 41.000
23:40 37.000
23:41 37.000
23:42 40.000
23:43 38.000
23:44 41.000
23:45 41.000
23:46 42.000
23:47 42.000
23:48 40.000
23:49 38.000
23:50 39.000
23:51 29.000
23:52 31.000
23:53 31.000
23:54 30.000
23:55 32.000
23:56 33.000
23:57 31.000
23:58 31.000
23:59 31.000
